<?xml version="1.0" encoding="UTF-8"?>
<!-- Generated by org.testng.reporters.JUnitXMLReporter -->
<testsuite ignored="1" hostname="Micky" failures="0" tests="2" name="Submit Order Test" time="22.278" errors="0" timestamp="2024-10-31T00:04:00 IST">
  <testcase classname="eCommerce.OrderItem" name="submitOrder" time="5.302"/>
  <testcase classname="eCommerce.OrderItem" name="submitOrder" time="6.011"/>
  <testcase classname="eCommerce.OrderItem" name="verifyOrderHistory" time="0.0">
    <ignored/>
  </testcase> <!-- verifyOrderHistory -->
</testsuite> <!-- Submit Order Test -->
