<?xml version="1.0" encoding="UTF-8"?>
<!-- Generated by org.testng.reporters.JUnitXMLReporter -->
<testsuite ignored="2" hostname="Chandrahas" failures="0" tests="0" time="0.036" errors="0" timestamp="2024-11-03T23:54:09 IST">
  <testcase classname="eCommerce.ErrorValidation" name="loginError" time="0.0">
    <ignored/>
  </testcase> <!-- loginError -->
  <testcase classname="eCommerce.ErrorValidation" name="productError" time="0.0">
    <ignored/>
  </testcase> <!-- productError -->
</testsuite>
