<?xml version="1.0" encoding="UTF-8"?>
<!-- Generated by org.testng.reporters.JUnitXMLReporter -->
<testsuite ignored="1" hostname="Chandrahas" failures="0" tests="2" name="Submit Order Test" time="25.955" errors="0" timestamp="2024-11-03T23:54:34 IST">
  <testcase classname="eCommerce.OrderItem" name="submitOrder" time="5.349"/>
  <testcase classname="eCommerce.OrderItem" name="submitOrder" time="5.339"/>
  <testcase classname="eCommerce.OrderItem" name="verifyOrder" time="0.0">
    <ignored/>
  </testcase> <!-- verifyOrder -->
</testsuite> <!-- Submit Order Test -->
