<?xml version="1.0" encoding="UTF-8"?>
<testng-results ignored="0" total="2" passed="2" failed="0" skipped="0">
  <reporter-output>
  </reporter-output>
  <suite started-at="2024-11-03T23:54:08 IST" name="Suite" finished-at="2024-11-03T23:54:34 IST" duration-ms="25955">
    <groups>
      <group name="purchase">
        <method signature="OrderItem.submitOrder(java.util.HashMap)[pri:0, instance:eCommerce.OrderItem@7b4c50bc]" name="submitOrder" class="eCommerce.OrderItem"/>
      </group> <!-- purchase -->
    </groups>
    <test started-at="2024-11-03T23:54:08 IST" name="Error Validation Test" finished-at="2024-11-03T23:54:08 IST" duration-ms="36">
    </test> <!-- Error Validation Test -->
    <test started-at="2024-11-03T23:54:08 IST" name="Submit Order Test" finished-at="2024-11-03T23:54:34 IST" duration-ms="25955">
      <class name="eCommerce.OrderItem">
        <test-method is-config="true" signature="launchApplication()[pri:0, instance:eCommerce.OrderItem@7b4c50bc]" started-at="2024-11-03T23:54:09 IST" name="launchApplication" finished-at="2024-11-03T23:54:19 IST" duration-ms="10560" status="PASS">
          <reporter-output>
          </reporter-output>
        </test-method> <!-- launchApplication -->
        <test-method signature="submitOrder(java.util.HashMap)[pri:0, instance:eCommerce.OrderItem@7b4c50bc]" started-at="2024-11-03T23:54:20 IST" name="submitOrder" data-provider="getJsonData" finished-at="2024-11-03T23:54:25 IST" duration-ms="5349" status="PASS">
          <params>
            <param index="0">
              <value>
                <![CDATA[{ItemName=ADIDAS ORIGINAL, Email=chandrahas@gmail.com, Password=Micky@021}]]>
              </value>
            </param>
          </params>
          <reporter-output>
          </reporter-output>
        </test-method> <!-- submitOrder -->
        <test-method is-config="true" signature="closeDriver()[pri:0, instance:eCommerce.OrderItem@7b4c50bc]" started-at="2024-11-03T23:54:25 IST" name="closeDriver" finished-at="2024-11-03T23:54:25 IST" duration-ms="407" status="PASS">
          <reporter-output>
          </reporter-output>
        </test-method> <!-- closeDriver -->
        <test-method is-config="true" signature="launchApplication()[pri:0, instance:eCommerce.OrderItem@7b4c50bc]" started-at="2024-11-03T23:54:25 IST" name="launchApplication" finished-at="2024-11-03T23:54:28 IST" duration-ms="3127" status="PASS">
          <reporter-output>
          </reporter-output>
        </test-method> <!-- launchApplication -->
        <test-method signature="submitOrder(java.util.HashMap)[pri:0, instance:eCommerce.OrderItem@7b4c50bc]" started-at="2024-11-03T23:54:28 IST" name="submitOrder" data-provider="getJsonData" finished-at="2024-11-03T23:54:34 IST" duration-ms="5339" status="PASS">
          <params>
            <param index="0">
              <value>
                <![CDATA[{ItemName=IPHONE 13 PRO, Email=micky@gmail.com, Password=Micky@021}]]>
              </value>
            </param>
          </params>
          <reporter-output>
          </reporter-output>
        </test-method> <!-- submitOrder -->
        <test-method is-config="true" signature="closeDriver()[pri:0, instance:eCommerce.OrderItem@7b4c50bc]" started-at="2024-11-03T23:54:34 IST" name="closeDriver" finished-at="2024-11-03T23:54:34 IST" duration-ms="380" status="PASS">
          <reporter-output>
          </reporter-output>
        </test-method> <!-- closeDriver -->
      </class> <!-- eCommerce.OrderItem -->
    </test> <!-- Submit Order Test -->
  </suite> <!-- Suite -->
</testng-results>
